<?xml version="1.0" encoding="UTF-8"?>
<testng-results skipped="0" failed="0" ignored="0" total="1" passed="1">
  <reporter-output>
  </reporter-output>
  <suite name="Default suite" duration-ms="58378" started-at="2018-01-24T14:34:14Z" finished-at="2018-01-24T14:35:12Z">
    <groups>
    </groups>
    <test name="Default test" duration-ms="58378" started-at="2018-01-24T14:34:14Z" finished-at="2018-01-24T14:35:12Z">
      <class name="scripts.TestValidLogin">
        <test-method status="PASS" signature="openApplication()[pri:0, instance:scripts.TestValidLogin@4883b407]" name="openApplication" is-config="true" duration-ms="52509" started-at="2018-01-24T20:04:14Z" finished-at="2018-01-24T20:05:06Z">
          <reporter-output>
          </reporter-output>
        </test-method> <!-- openApplication -->
        <test-method status="PASS" signature="testValidLogin()[pri:0, instance:scripts.TestValidLogin@4883b407]" name="testValidLogin" duration-ms="5649" started-at="2018-01-24T20:05:06Z" finished-at="2018-01-24T20:05:12Z">
          <reporter-output>
          </reporter-output>
        </test-method> <!-- testValidLogin -->
        <test-method status="PASS" signature="closeApplication()[pri:0, instance:scripts.TestValidLogin@4883b407]" name="closeApplication" is-config="true" duration-ms="173" started-at="2018-01-24T20:05:12Z" finished-at="2018-01-24T20:05:12Z">
          <reporter-output>
          </reporter-output>
        </test-method> <!-- closeApplication -->
      </class> <!-- scripts.TestValidLogin -->
    </test> <!-- Default test -->
  </suite> <!-- Default suite -->
</testng-results>
