<?xml version="1.0" encoding="UTF-8"?>
<!-- Generated by org.testng.reporters.JUnitXMLReporter -->
<testsuite hostname="hdh-PC" ignored="0" name="Test" tests="1" failures="1" timestamp="23 Jan 2018 15:29:00 GMT" time="8.701" errors="0">
  <testcase name="testValidLogin" time="0.107" classname="scripts.TestValidLogin">
    <failure type="java.lang.NoClassDefFoundError" message="org/apache/xmlbeans/XmlObject">
      <![CDATA[java.lang.NoClassDefFoundError: org/apache/xmlbeans/XmlObject
	at org.apache.poi.ss.usermodel.WorkbookFactory.create(WorkbookFactory.java:184)
	at org.apache.poi.ss.usermodel.WorkbookFactory.create(WorkbookFactory.java:149)
	at generic.Library.getCellValue(Library.java:32)
	at scripts.TestValidLogin.testValidLogin(TestValidLogin.java:18)
Caused by: java.lang.ClassNotFoundException: org.apache.xmlbeans.XmlObject
	at java.net.URLClassLoader.findClass(Unknown Source)
	at java.lang.ClassLoader.loadClass(Unknown Source)
	at sun.misc.Launcher$AppClassLoader.loadClass(Unknown Source)
	at java.lang.ClassLoader.loadClass(Unknown Source)
	... 29 more
... Removed 25 stack frames]]>
    </failure>
  </testcase> <!-- testValidLogin -->
</testsuite> <!-- Test -->
